[ 2018-01-04T18:30:29+08:00 ] 127.0.0.1 /index.php?g=index&m=index&a=index_news_detail&url=http://www.ncnews.com.cn/xwzx/ncxw/bwzg_rd/201801/t20180103_1133671.html
NOTIC: [8192] preg_replace(): The /e modifier is deprecated, use preg_replace_callback instead F:\A_my_project\news_cms\ThinkPHP\Common\common.php 第 217 行.
INFO: [ app_begin ] --START--
INFO: ReadHtmlCache Behavior ::run [ RunTime:0.001500s ]
INFO: [ app_begin ] --END-- [ RunTime:0.002000s ]
NOTIC: [8192] mysql_connect(): The mysql extension is deprecated and will be removed in the future: use mysqli or PDO instead F:\A_my_project\news_cms\ThinkPHP\Lib\Driver\Db\DbMysql.class.php 第 55 行.
SQL: SHOW COLUMNS FROM `easy_category` [ RunTime:0.005500s ]
NOTIC: [8192] preg_replace(): The /e modifier is deprecated, use preg_replace_callback instead F:\A_my_project\news_cms\ThinkPHP\Lib\Core\Db.class.php 第 604 行.
SQL: SELECT * FROM `easy_category` WHERE ( isverify=1 and isshow=1 ) ORDER BY sort desc  [ RunTime:0.000500s ]
NOTIC: [2] DOMDocument::loadHTML(): htmlParseEntityRef: expecting ';' in Entity, line: 113 F:\A_my_project\news_cms\vendor\phpspider\core\selector.php 第 102 行.
NOTIC: [2] DOMDocument::loadHTML(): htmlParseEntityRef: expecting ';' in Entity, line: 113 F:\A_my_project\news_cms\vendor\phpspider\core\selector.php 第 102 行.
NOTIC: [2] DOMDocument::loadHTML(): htmlParseEntityRef: expecting ';' in Entity, line: 113 F:\A_my_project\news_cms\vendor\phpspider\core\selector.php 第 102 行.
NOTIC: [2] DOMDocument::loadHTML(): Unexpected end tag : span in Entity, line: 166 F:\A_my_project\news_cms\vendor\phpspider\core\selector.php 第 102 行.
NOTIC: [2] DOMDocument::loadHTML(): Unexpected end tag : span in Entity, line: 167 F:\A_my_project\news_cms\vendor\phpspider\core\selector.php 第 102 行.
NOTIC: [2] DOMDocument::loadHTML(): Unexpected end tag : a in Entity, line: 170 F:\A_my_project\news_cms\vendor\phpspider\core\selector.php 第 102 行.
NOTIC: [2] DOMDocument::loadHTML(): Unexpected end tag : span in Entity, line: 170 F:\A_my_project\news_cms\vendor\phpspider\core\selector.php 第 102 行.
NOTIC: [2] DOMDocument::loadHTML(): Unexpected end tag : span in Entity, line: 170 F:\A_my_project\news_cms\vendor\phpspider\core\selector.php 第 102 行.
NOTIC: [2] DOMDocument::loadHTML(): Unexpected end tag : span in Entity, line: 170 F:\A_my_project\news_cms\vendor\phpspider\core\selector.php 第 102 行.
NOTIC: [2] DOMDocument::loadHTML(): Unexpected end tag : a in Entity, line: 170 F:\A_my_project\news_cms\vendor\phpspider\core\selector.php 第 102 行.
NOTIC: [2] DOMDocument::loadHTML(): Unexpected end tag : span in Entity, line: 170 F:\A_my_project\news_cms\vendor\phpspider\core\selector.php 第 102 行.
NOTIC: [2] DOMDocument::loadHTML(): Unexpected end tag : a in Entity, line: 173 F:\A_my_project\news_cms\vendor\phpspider\core\selector.php 第 102 行.
NOTIC: [2] DOMDocument::loadHTML(): Unexpected end tag : span in Entity, line: 173 F:\A_my_project\news_cms\vendor\phpspider\core\selector.php 第 102 行.
NOTIC: [2] DOMDocument::loadHTML(): Unexpected end tag : span in Entity, line: 173 F:\A_my_project\news_cms\vendor\phpspider\core\selector.php 第 102 行.
NOTIC: [2] DOMDocument::loadHTML(): Unexpected end tag : a in Entity, line: 173 F:\A_my_project\news_cms\vendor\phpspider\core\selector.php 第 102 行.
NOTIC: [2] DOMDocument::loadHTML(): Unexpected end tag : span in Entity, line: 173 F:\A_my_project\news_cms\vendor\phpspider\core\selector.php 第 102 行.
NOTIC: [2] DOMDocument::loadHTML(): Unexpected end tag : a in Entity, line: 173 F:\A_my_project\news_cms\vendor\phpspider\core\selector.php 第 102 行.
NOTIC: [2] DOMDocument::loadHTML(): Unexpected end tag : span in Entity, line: 173 F:\A_my_project\news_cms\vendor\phpspider\core\selector.php 第 102 行.
NOTIC: [2] DOMDocument::loadHTML(): Unexpected end tag : a in Entity, line: 175 F:\A_my_project\news_cms\vendor\phpspider\core\selector.php 第 102 行.
NOTIC: [2] DOMDocument::loadHTML(): Unexpected end tag : span in Entity, line: 175 F:\A_my_project\news_cms\vendor\phpspider\core\selector.php 第 102 行.
NOTIC: [2] DOMDocument::loadHTML(): Unexpected end tag : a in Entity, line: 175 F:\A_my_project\news_cms\vendor\phpspider\core\selector.php 第 102 行.
NOTIC: [2] DOMDocument::loadHTML(): Unexpected end tag : span in Entity, line: 175 F:\A_my_project\news_cms\vendor\phpspider\core\selector.php 第 102 行.
NOTIC: [2] DOMDocument::loadHTML(): Unexpected end tag : span in Entity, line: 175 F:\A_my_project\news_cms\vendor\phpspider\core\selector.php 第 102 行.
NOTIC: [2] DOMDocument::loadHTML(): Unexpected end tag : span in Entity, line: 175 F:\A_my_project\news_cms\vendor\phpspider\core\selector.php 第 102 行.
NOTIC: [2] DOMDocument::loadHTML(): Unexpected end tag : a in Entity, line: 180 F:\A_my_project\news_cms\vendor\phpspider\core\selector.php 第 102 行.
NOTIC: [2] DOMDocument::loadHTML(): Unexpected end tag : span in Entity, line: 180 F:\A_my_project\news_cms\vendor\phpspider\core\selector.php 第 102 行.
NOTIC: [2] DOMDocument::loadHTML(): Unexpected end tag : span in Entity, line: 180 F:\A_my_project\news_cms\vendor\phpspider\core\selector.php 第 102 行.
NOTIC: [2] DOMDocument::loadHTML(): Unexpected end tag : a in Entity, line: 180 F:\A_my_project\news_cms\vendor\phpspider\core\selector.php 第 102 行.
NOTIC: [2] DOMDocument::loadHTML(): Unexpected end tag : span in Entity, line: 180 F:\A_my_project\news_cms\vendor\phpspider\core\selector.php 第 102 行.
NOTIC: [2] DOMDocument::loadHTML(): Unexpected end tag : a in Entity, line: 180 F:\A_my_project\news_cms\vendor\phpspider\core\selector.php 第 102 行.
NOTIC: [2] DOMDocument::loadHTML(): Unexpected end tag : span in Entity, line: 180 F:\A_my_project\news_cms\vendor\phpspider\core\selector.php 第 102 行.
NOTIC: [2] DOMDocument::loadHTML(): Unexpected end tag : a in Entity, line: 182 F:\A_my_project\news_cms\vendor\phpspider\core\selector.php 第 102 行.
NOTIC: [2] DOMDocument::loadHTML(): Unexpected end tag : span in Entity, line: 182 F:\A_my_project\news_cms\vendor\phpspider\core\selector.php 第 102 行.
NOTIC: [2] DOMDocument::loadHTML(): Unexpected end tag : a in Entity, line: 182 F:\A_my_project\news_cms\vendor\phpspider\core\selector.php 第 102 行.
NOTIC: [2] DOMDocument::loadHTML(): Unexpected end tag : span in Entity, line: 182 F:\A_my_project\news_cms\vendor\phpspider\core\selector.php 第 102 行.
NOTIC: [2] DOMDocument::loadHTML(): Unexpected end tag : a in Entity, line: 182 F:\A_my_project\news_cms\vendor\phpspider\core\selector.php 第 102 行.
NOTIC: [2] DOMDocument::loadHTML(): Unexpected end tag : span in Entity, line: 182 F:\A_my_project\news_cms\vendor\phpspider\core\selector.php 第 102 行.
NOTIC: [2] DOMDocument::loadHTML(): Unexpected end tag : a in Entity, line: 182 F:\A_my_project\news_cms\vendor\phpspider\core\selector.php 第 102 行.
NOTIC: [2] DOMDocument::loadHTML(): Unexpected end tag : span in Entity, line: 182 F:\A_my_project\news_cms\vendor\phpspider\core\selector.php 第 102 行.
NOTIC: [2] DOMDocument::loadHTML(): Unexpected end tag : a in Entity, line: 184 F:\A_my_project\news_cms\vendor\phpspider\core\selector.php 第 102 行.
NOTIC: [2] DOMDocument::loadHTML(): Unexpected end tag : span in Entity, line: 184 F:\A_my_project\news_cms\vendor\phpspider\core\selector.php 第 102 行.
NOTIC: [2] DOMDocument::loadHTML(): Unexpected end tag : a in Entity, line: 184 F:\A_my_project\news_cms\vendor\phpspider\core\selector.php 第 102 行.
NOTIC: [2] DOMDocument::loadHTML(): Unexpected end tag : span in Entity, line: 184 F:\A_my_project\news_cms\vendor\phpspider\core\selector.php 第 102 行.
NOTIC: [2] DOMDocument::loadHTML(): Unexpected end tag : a in Entity, line: 184 F:\A_my_project\news_cms\vendor\phpspider\core\selector.php 第 102 行.
NOTIC: [2] DOMDocument::loadHTML(): Unexpected end tag : span in Entity, line: 184 F:\A_my_project\news_cms\vendor\phpspider\core\selector.php 第 102 行.
NOTIC: [2] DOMDocument::loadHTML(): Unexpected end tag : a in Entity, line: 184 F:\A_my_project\news_cms\vendor\phpspider\core\selector.php 第 102 行.
NOTIC: [2] DOMDocument::loadHTML(): Unexpected end tag : span in Entity, line: 184 F:\A_my_project\news_cms\vendor\phpspider\core\selector.php 第 102 行.
NOTIC: [2] DOMDocument::loadHTML(): Unexpected end tag : a in Entity, line: 186 F:\A_my_project\news_cms\vendor\phpspider\core\selector.php 第 102 行.
NOTIC: [2] DOMDocument::loadHTML(): Unexpected end tag : span in Entity, line: 186 F:\A_my_project\news_cms\vendor\phpspider\core\selector.php 第 102 行.
NOTIC: [2] DOMDocument::loadHTML(): Unexpected end tag : a in Entity, line: 186 F:\A_my_project\news_cms\vendor\phpspider\core\selector.php 第 102 行.
NOTIC: [2] DOMDocument::loadHTML(): Unexpected end tag : span in Entity, line: 186 F:\A_my_project\news_cms\vendor\phpspider\core\selector.php 第 102 行.
NOTIC: [2] DOMDocument::loadHTML(): Unexpected end tag : span in Entity, line: 186 F:\A_my_project\news_cms\vendor\phpspider\core\selector.php 第 102 行.
NOTIC: [2] DOMDocument::loadHTML(): Unexpected end tag : span in Entity, line: 186 F:\A_my_project\news_cms\vendor\phpspider\core\selector.php 第 102 行.
NOTIC: [2] DOMDocument::loadHTML(): Unexpected end tag : span in Entity, line: 192 F:\A_my_project\news_cms\vendor\phpspider\core\selector.php 第 102 行.
NOTIC: [2] DOMDocument::loadHTML(): Unexpected end tag : span in Entity, line: 192 F:\A_my_project\news_cms\vendor\phpspider\core\selector.php 第 102 行.
NOTIC: [2] DOMDocument::loadHTML(): Unexpected end tag : span in Entity, line: 192 F:\A_my_project\news_cms\vendor\phpspider\core\selector.php 第 102 行.
NOTIC: [2] DOMDocument::loadHTML(): htmlParseEntityRef: expecting ';' in Entity, line: 346 F:\A_my_project\news_cms\vendor\phpspider\core\selector.php 第 102 行.
NOTIC: [2] DOMDocument::loadHTML(): htmlParseEntityRef: expecting ';' in Entity, line: 349 F:\A_my_project\news_cms\vendor\phpspider\core\selector.php 第 102 行.
NOTIC: [2] DOMDocument::loadHTML(): htmlParseEntityRef: expecting ';' in Entity, line: 349 F:\A_my_project\news_cms\vendor\phpspider\core\selector.php 第 102 行.
NOTIC: [2] DOMDocument::loadHTML(): htmlParseEntityRef: expecting ';' in Entity, line: 571 F:\A_my_project\news_cms\vendor\phpspider\core\selector.php 第 102 行.

